<?xml version="1.0" encoding="UTF-8"?>
<testsuite xmlns:xsi="http://www.w3.org/2001/XMLSchema-instance" xsi:noNamespaceSchemaLocation="https://maven.apache.org/surefire/maven-surefire-plugin/xsd/surefire-test-report.xsd" version="3.0.2" name="es.santander.ascender.IndividualApplicationTests" time="4.027" tests="1" errors="0" skipped="0" failures="0">
  <properties>
[...]
</properties>
  <testcase name="contextLoads" classname="es.santander.ascender.IndividualApplicationTests" time="0.994">
    <system-out><![CDATA[11:56:18.876 [main] INFO org.springframework.test.context.support.AnnotationConfigContextLoaderUtils -- Could not detect default configuration classes for test class [es.santander.ascender.IndividualApplicationTests]: IndividualApplicationTests does not declare any static, non-private, non-final, nested classes annotated with @Configuration.
11:56:19.000 [main] INFO org.springframework.boot.test.context.SpringBootTestContextBootstrapper -- Found @SpringBootConfiguration es.santander.ascender.IndividualApplication for test class es.santander.ascender.IndividualApplicationTests
11:56:19.169 [main] INFO org.springframework.boot.devtools.restart.RestartApplicationListener -- Restart disabled due to context in which it is running

  .   ____          _            __ _ _
 /\\ / ___'_ __ _ _(_)_ __  __ _ \ \ \ \
( ( )\___ | '_ | '_| | '_ \/ _` | \ \ \ \
 \\/  ___)| |_)| | | | | || (_| |  ) ) ) )
  '  |____| .__|_| |_|_| |_\__, | / / / /
 =========|_|==============|___/=/_/_/_/

 :: Spring Boot ::                (v3.4.3)

2025-03-13T11:56:19.532+01:00  INFO 70101 --- [individual] [           main] e.s.ascender.IndividualApplicationTests  : Starting IndividualApplicationTests using Java 21.0.6 with PID 70101 (started by cie in /home/cie/Desktop/ProyectoIndividual/Spring /ascender)
2025-03-13T11:56:19.534+01:00  INFO 70101 --- [individual] [           main] e.s.ascender.IndividualApplicationTests  : No active profile set, falling back to 1 default profile: "default"
2025-03-13T11:56:20.361+01:00  INFO 70101 --- [individual] [           main] .s.d.r.c.RepositoryConfigurationDelegate : Bootstrapping Spring Data JDBC repositories in DEFAULT mode.
2025-03-13T11:56:20.384+01:00  INFO 70101 --- [individual] [           main] .s.d.r.c.RepositoryConfigurationDelegate : Finished Spring Data repository scanning in 15 ms. Found 0 JDBC repository interfaces.
2025-03-13T11:56:21.263+01:00  INFO 70101 --- [individual] [           main] com.zaxxer.hikari.HikariDataSource       : HikariPool-1 - Starting...
2025-03-13T11:56:21.475+01:00  INFO 70101 --- [individual] [           main] com.zaxxer.hikari.pool.HikariPool        : HikariPool-1 - Added connection com.mysql.cj.jdbc.ConnectionImpl@231b35fb
2025-03-13T11:56:21.478+01:00  INFO 70101 --- [individual] [           main] com.zaxxer.hikari.HikariDataSource       : HikariPool-1 - Start completed.
2025-03-13T11:56:21.674+01:00  INFO 70101 --- [individual] [           main] e.s.ascender.IndividualApplicationTests  : Started IndividualApplicationTests in 2.519 seconds (process running for 3.543)
]]></system-out>
    <system-err><![CDATA[Mockito is currently self-attaching to enable the inline-mock-maker. This will no longer work in future releases of the JDK. Please add Mockito as an agent to your build what is described in Mockito's documentation: https://javadoc.io/doc/org.mockito/mockito-core/latest/org/mockito/Mockito.html#0.3
WARNING: A Java agent has been loaded dynamically (/home/cie/.m2/repository/net/bytebuddy/byte-buddy-agent/1.15.11/byte-buddy-agent-1.15.11.jar)
WARNING: If a serviceability tool is in use, please run with -XX:+EnableDynamicAgentLoading to hide this warning
WARNING: If a serviceability tool is not in use, please run with -Djdk.instrument.traceUsage for more information
WARNING: Dynamic loading of agents will be disallowed by default in a future release
]]></system-err>
  </testcase>
</testsuite>